<?xml version="1.0" encoding="UTF-8"?>
<!-- Generated by org.testng.reporters.JUnitReportReporter -->
<testsuite skipped="0" hostname="LAPTOP-BIJL3HUR" name="test.LoginTest" tests="1" failures="0" timestamp="2022-06-17T18:17:01 CDT" time="7.728" errors="0">
  <testcase name="validUserShouldBeAbleToLogin" time="7.728" classname="test.LoginTest"/>
  <system-out/>
</testsuite> <!-- test.LoginTest -->
